TN:
SF:script/Counter.s.sol
DA:10,0
FN:10,CounterScript.setUp
FNDA:0,CounterScript.setUp
DA:12,0
FN:12,CounterScript.run
FNDA:0,CounterScript.run
DA:13,0
DA:15,0
DA:17,0
FNF:2
FNH:0
LF:5
LH:0
BRF:0
BRH:0
end_of_record
TN:
SF:script/DeploySuperpaymaster.s.sol
DA:15,0
FN:15,DeploySuperpaymaster.setUp
FNDA:0,DeploySuperpaymaster.setUp
DA:17,0
FN:17,DeploySuperpaymaster.run
FNDA:0,DeploySuperpaymaster.run
DA:18,0
DA:19,0
DA:21,0
DA:22,0
DA:23,0
DA:25,0
DA:28,0
DA:35,0
DA:42,0
DA:49,0
DA:50,0
DA:51,0
DA:52,0
DA:54,0
DA:57,0
DA:58,0
DA:59,0
DA:60,0
DA:61,0
DA:64,0
DA:65,0
DA:66,0
DA:67,0
DA:70,0
DA:71,0
DA:72,0
DA:73,0
DA:76,0
DA:77,0
DA:78,0
DA:79,0
DA:81,0
DA:82,0
DA:83,0
DA:84,0
DA:85,0
FNF:2
FNH:0
LF:38
LH:0
BRF:0
BRH:0
end_of_record
TN:
SF:script/v3-deploy-simple.s.sol
DA:18,0
FN:18,V3DeploySimple.run
FNDA:0,V3DeploySimple.run
DA:19,0
DA:20,0
DA:22,0
DA:23,0
DA:24,0
DA:25,0
DA:27,0
DA:28,0
DA:29,0
DA:30,0
DA:31,0
DA:32,0
DA:33,0
DA:34,0
DA:35,0
DA:36,0
DA:38,0
DA:41,0
DA:42,0
DA:43,0
DA:46,0
DA:47,0
DA:55,0
DA:57,0
DA:60,0
DA:61,0
DA:62,0
DA:63,0
DA:64,0
DA:65,0
DA:67,0
DA:68,0
DA:69,0
DA:70,0
DA:71,0
DA:72,0
DA:73,0
DA:74,0
DA:75,0
DA:76,0
DA:77,0
DA:78,0
DA:79,0
DA:82,0
DA:88,0
DA:91,0
FN:91,V3DeploySimple._deploySettlement
FNDA:0,V3DeploySimple._deploySettlement
DA:93,0
DA:98,0
DA:100,0
DA:102,0
BRDA:102,0,0,-
BRDA:102,0,1,-
DA:103,0
DA:106,0
FN:106,V3DeploySimple._deployPaymasterV3
FNDA:0,V3DeploySimple._deployPaymasterV3
DA:115,0
DA:120,0
DA:122,0
DA:124,0
BRDA:124,1,0,-
BRDA:124,1,1,-
DA:125,0
FNF:3
FNH:0
LF:58
LH:0
BRF:4
BRH:0
end_of_record
TN:
SF:script/v3-integration-test.s.sol
DA:24,0
FN:24,V3IntegrationTest.setUp
FNDA:0,V3IntegrationTest.setUp
DA:26,0
DA:27,0
DA:28,0
DA:29,0
DA:30,0
DA:31,0
DA:34,0
FN:34,V3IntegrationTest.run
FNDA:0,V3IntegrationTest.run
DA:35,0
DA:37,0
DA:38,0
DA:39,0
DA:40,0
DA:41,0
DA:42,0
DA:43,0
DA:45,0
DA:48,0
DA:49,0
DA:52,0
DA:53,0
DA:56,0
DA:57,0
DA:60,0
DA:61,0
DA:64,0
DA:65,0
DA:67,0
DA:69,0
DA:70,0
DA:71,0
DA:74,0
FN:74,V3IntegrationTest._testContractConfiguration
FNDA:0,V3IntegrationTest._testContractConfiguration
DA:76,0
DA:79,0
BRDA:79,0,0,-
BRDA:79,0,1,-
DA:80,0
DA:81,0
DA:82,0
BRDA:82,1,0,-
BRDA:82,1,1,-
DA:85,0
DA:88,0
BRDA:88,2,0,-
BRDA:88,2,1,-
DA:89,0
DA:90,0
DA:91,0
BRDA:91,3,0,-
BRDA:91,3,1,-
DA:93,0
DA:96,0
FN:96,V3IntegrationTest._testFeeRecording
FNDA:0,V3IntegrationTest._testFeeRecording
DA:98,0
DA:99,0
DA:101,0
DA:102,0
DA:103,0
DA:106,0
DA:116,0
BRDA:116,4,0,-
BRDA:116,4,1,-
DA:117,0
DA:118,0
DA:120,0
DA:121,0
DA:125,0
FN:125,V3IntegrationTest._testPendingBalance
FNDA:0,V3IntegrationTest._testPendingBalance
DA:127,0
DA:135,0
BRDA:135,5,0,-
BRDA:135,5,1,-
DA:136,0
DA:137,0
DA:138,0
DA:140,0
DA:144,0
FN:144,V3IntegrationTest._testBatchSettlement
FNDA:0,V3IntegrationTest._testBatchSettlement
DA:146,0
DA:154,0
BRDA:154,6,0,-
DA:155,0
DA:156,0
DA:159,0
DA:160,0
DA:162,0
BRDA:162,7,0,-
DA:163,0
DA:164,0
DA:168,0
DA:170,0
DA:178,0
BRDA:178,8,0,-
BRDA:178,8,1,-
DA:179,0
DA:181,0
DA:185,0
FN:185,V3IntegrationTest._testFinalState
FNDA:0,V3IntegrationTest._testFinalState
DA:187,0
DA:195,0
BRDA:195,9,0,-
DA:196,0
DA:197,0
DA:199,0
BRDA:199,10,0,-
BRDA:199,10,1,-
DA:200,0
DA:202,0
FNF:7
FNH:0
LF:85
LH:0
BRF:19
BRH:0
end_of_record
TN:
SF:singleton-paymaster/lib/account-abstraction-v7/contracts/core/UserOperationLib.sol
DA:21,3
FN:21,UserOperationLib.getSender
FNDA:3,UserOperationLib.getSender
DA:24,3
DA:27,3
DA:29,3
DA:37,0
FN:37,UserOperationLib.gasPrice
FNDA:0,UserOperationLib.gasPrice
DA:41,0
DA:42,0
BRDA:42,0,0,-
DA:44,0
DA:46,0
DA:54,0
FN:54,UserOperationLib.encode
FNDA:0,UserOperationLib.encode
DA:57,0
DA:58,0
DA:59,0
DA:60,0
DA:61,0
DA:62,0
DA:63,0
DA:64,0
DA:66,0
DA:74,0
FN:74,UserOperationLib.unpackUints
FNDA:0,UserOperationLib.unpackUints
DA:77,0
DA:81,0
FN:81,UserOperationLib.unpackHigh128
FNDA:0,UserOperationLib.unpackHigh128
DA:82,0
DA:86,0
FN:86,UserOperationLib.unpackLow128
FNDA:0,UserOperationLib.unpackLow128
DA:87,0
DA:90,0
FN:90,UserOperationLib.unpackMaxPriorityFeePerGas
FNDA:0,UserOperationLib.unpackMaxPriorityFeePerGas
DA:92,0
DA:95,0
FN:95,UserOperationLib.unpackMaxFeePerGas
FNDA:0,UserOperationLib.unpackMaxFeePerGas
DA:97,0
DA:100,0
FN:100,UserOperationLib.unpackVerificationGasLimit
FNDA:0,UserOperationLib.unpackVerificationGasLimit
DA:102,0
DA:105,0
FN:105,UserOperationLib.unpackCallGasLimit
FNDA:0,UserOperationLib.unpackCallGasLimit
DA:107,0
DA:110,0
FN:110,UserOperationLib.unpackPaymasterVerificationGasLimit
FNDA:0,UserOperationLib.unpackPaymasterVerificationGasLimit
DA:112,0
DA:115,0
FN:115,UserOperationLib.unpackPostOpGasLimit
FNDA:0,UserOperationLib.unpackPostOpGasLimit
DA:117,0
DA:120,0
FN:120,UserOperationLib.unpackPaymasterStaticFields
FNDA:0,UserOperationLib.unpackPaymasterStaticFields
DA:123,0
DA:134,0
FN:134,UserOperationLib.hash
FNDA:0,UserOperationLib.hash
DA:137,0
FNF:14
FNH:1
LF:41
LH:4
BRF:1
BRH:0
end_of_record
TN:
SF:singleton-paymaster/lib/openzeppelin-contracts-v5.0.2/contracts/access/Ownable.sol
DA:38,40
FN:38,Ownable.constructor
FNDA:40,Ownable.constructor
DA:39,40
BRDA:39,0,0,1
DA:40,1
DA:42,39
DA:48,3
FN:48,Ownable.onlyOwner
FNDA:3,Ownable.onlyOwner
DA:49,3
DA:56,0
FN:56,Ownable.owner
FNDA:0,Ownable.owner
DA:57,20
DA:63,20
FN:63,Ownable._checkOwner
FNDA:20,Ownable._checkOwner
DA:64,20
BRDA:64,1,0,-
DA:65,0
DA:76,0
FN:76,Ownable.renounceOwnership
FNDA:0,Ownable.renounceOwnership
DA:77,0
DA:84,0
FN:84,Ownable.transferOwnership
FNDA:0,Ownable.transferOwnership
DA:85,0
BRDA:85,2,0,-
DA:86,0
DA:88,0
DA:95,39
FN:95,Ownable._transferOwnership
FNDA:39,Ownable._transferOwnership
DA:96,39
DA:97,39
DA:98,39
FNF:7
FNH:4
LF:21
LH:13
BRF:3
BRH:1
end_of_record
TN:
SF:singleton-paymaster/lib/openzeppelin-contracts-v5.0.2/contracts/utils/Context.sol
DA:17,20
FN:17,Context._msgSender
FNDA:20,Context._msgSender
DA:18,20
DA:21,0
FN:21,Context._msgData
FNDA:0,Context._msgData
DA:22,0
DA:25,0
FN:25,Context._contextSuffixLength
FNDA:0,Context._contextSuffixLength
DA:26,0
FNF:3
FNH:1
LF:6
LH:2
BRF:0
BRH:0
end_of_record
TN:
SF:singleton-paymaster/lib/openzeppelin-contracts-v5.0.2/contracts/utils/ReentrancyGuard.sol
DA:44,39
FN:44,ReentrancyGuard.constructor
FNDA:39,ReentrancyGuard.constructor
DA:45,39
DA:55,4
FN:55,ReentrancyGuard.nonReentrant
FNDA:4,ReentrancyGuard.nonReentrant
DA:56,4
DA:58,1
DA:61,5
FN:61,ReentrancyGuard._nonReentrantBefore
FNDA:5,ReentrancyGuard._nonReentrantBefore
DA:63,5
BRDA:63,0,0,-
DA:64,0
DA:68,5
DA:71,2
FN:71,ReentrancyGuard._nonReentrantAfter
FNDA:2,ReentrancyGuard._nonReentrantAfter
DA:74,2
DA:81,0
FN:81,ReentrancyGuard._reentrancyGuardEntered
FNDA:0,ReentrancyGuard._reentrancyGuardEntered
DA:82,0
FNF:5
FNH:4
LF:13
LH:10
BRF:1
BRH:0
end_of_record
TN:
SF:src/Counter.sol
DA:7,258
FN:7,Counter.setNumber
FNDA:258,Counter.setNumber
DA:8,258
DA:11,1
FN:11,Counter.increment
FNDA:1,Counter.increment
DA:12,1
FNF:2
FNH:2
LF:4
LH:4
BRF:0
BRH:0
end_of_record
TN:
SF:src/SuperPaymasterV6.sol
DA:37,0
FN:37,SuperPaymasterV6.onlyOwner
FNDA:0,SuperPaymasterV6.onlyOwner
DA:38,0
BRDA:38,0,0,-
BRDA:38,0,1,-
DA:43,0
FN:43,SuperPaymasterV6.constructor
FNDA:0,SuperPaymasterV6.constructor
DA:48,0
BRDA:48,1,0,-
BRDA:48,1,1,-
DA:49,0
BRDA:49,2,0,-
BRDA:49,2,1,-
DA:50,0
BRDA:50,3,0,-
BRDA:50,3,1,-
DA:52,0
DA:53,0
DA:54,0
DA:58,0
FN:58,SuperPaymasterV6.registerPaymaster
FNDA:0,SuperPaymasterV6.registerPaymaster
DA:63,0
BRDA:63,4,0,-
BRDA:63,4,1,-
DA:64,0
BRDA:64,5,0,-
BRDA:64,5,1,-
DA:65,0
BRDA:65,6,0,-
BRDA:65,6,1,-
DA:68,0
BRDA:68,7,0,-
DA:69,0
DA:72,0
DA:81,0
DA:85,0
FN:85,SuperPaymasterV6.getBestPaymaster
FNDA:0,SuperPaymasterV6.getBestPaymaster
DA:86,0
DA:87,0
DA:89,0
DA:90,0
DA:91,0
DA:93,0
BRDA:93,8,0,-
DA:94,0
BRDA:94,9,0,-
DA:95,0
DA:96,0
DA:101,0
BRDA:101,10,0,-
BRDA:101,10,1,-
DA:102,0
DA:106,0
FN:106,SuperPaymasterV6.getActivePaymasters
FNDA:0,SuperPaymasterV6.getActivePaymasters
DA:107,0
DA:108,0
DA:109,0
BRDA:109,11,0,-
DA:110,0
DA:114,0
DA:115,0
DA:116,0
DA:117,0
BRDA:117,12,0,-
DA:118,0
DA:119,0
DA:123,0
DA:127,0
FN:127,SuperPaymasterV6.getPaymasterInfo
FNDA:0,SuperPaymasterV6.getPaymasterInfo
DA:128,0
DA:132,0
FN:132,SuperPaymasterV6.getRouterStats
FNDA:0,SuperPaymasterV6.getRouterStats
DA:138,0
DA:140,0
DA:141,0
DA:143,0
BRDA:143,13,0,-
DA:144,0
DA:147,0
DA:148,0
DA:153,0
FN:153,SuperPaymasterV6.getPaymasterCount
FNDA:0,SuperPaymasterV6.getPaymasterCount
DA:154,0
DA:158,0
FN:158,SuperPaymasterV6.updateFeeRate
FNDA:0,SuperPaymasterV6.updateFeeRate
DA:159,0
BRDA:159,14,0,-
BRDA:159,14,1,-
DA:160,0
DA:161,0
DA:162,0
DA:166,0
FN:166,SuperPaymasterV6.getVersion
FNDA:0,SuperPaymasterV6.getVersion
DA:167,0
DA:171,0
FN:171,SuperPaymasterV6._isPaymasterAvailable
FNDA:0,SuperPaymasterV6._isPaymasterAvailable
DA:172,0
DA:174,0
DA:176,0
DA:180,0
FN:180,SuperPaymasterV6.deposit
FNDA:0,SuperPaymasterV6.deposit
DA:181,0
DA:185,0
FN:185,SuperPaymasterV6.withdrawTo
FNDA:0,SuperPaymasterV6.withdrawTo
DA:189,0
DA:193,0
FN:193,SuperPaymasterV6.getDeposit
FNDA:0,SuperPaymasterV6.getDeposit
DA:194,0
FNF:14
FNH:0
LF:70
LH:0
BRF:24
BRH:0
end_of_record
TN:
SF:src/SuperPaymasterV7.sol
DA:37,0
FN:37,SuperPaymasterV7.onlyOwner
FNDA:0,SuperPaymasterV7.onlyOwner
DA:38,0
BRDA:38,0,0,-
BRDA:38,0,1,-
DA:46,0
FN:46,SuperPaymasterV7.constructor
FNDA:0,SuperPaymasterV7.constructor
DA:51,0
BRDA:51,1,0,-
BRDA:51,1,1,-
DA:52,0
BRDA:52,2,0,-
BRDA:52,2,1,-
DA:53,0
BRDA:53,3,0,-
BRDA:53,3,1,-
DA:55,0
DA:56,0
DA:57,0
DA:64,0
FN:64,SuperPaymasterV7.registerPaymaster
FNDA:0,SuperPaymasterV7.registerPaymaster
DA:69,0
BRDA:69,4,0,-
BRDA:69,4,1,-
DA:70,0
BRDA:70,5,0,-
BRDA:70,5,1,-
DA:71,0
BRDA:71,6,0,-
BRDA:71,6,1,-
DA:74,0
BRDA:74,7,0,-
DA:75,0
DA:78,0
DA:87,0
DA:93,0
FN:93,SuperPaymasterV7.getBestPaymaster
FNDA:0,SuperPaymasterV7.getBestPaymaster
DA:94,0
DA:95,0
DA:97,0
DA:98,0
DA:99,0
DA:101,0
BRDA:101,8,0,-
DA:103,0
BRDA:103,9,0,-
DA:104,0
DA:105,0
DA:110,0
BRDA:110,10,0,-
BRDA:110,10,1,-
DA:111,0
DA:116,0
FN:116,SuperPaymasterV7.getActivePaymasters
FNDA:0,SuperPaymasterV7.getActivePaymasters
DA:118,0
DA:119,0
DA:120,0
BRDA:120,11,0,-
DA:121,0
DA:126,0
DA:127,0
DA:128,0
DA:129,0
BRDA:129,12,0,-
DA:130,0
DA:131,0
DA:135,0
DA:141,0
FN:141,SuperPaymasterV7.getPaymasterInfo
FNDA:0,SuperPaymasterV7.getPaymasterInfo
DA:142,0
DA:150,0
FN:150,SuperPaymasterV7.getRouterStats
FNDA:0,SuperPaymasterV7.getRouterStats
DA:156,0
DA:158,0
DA:159,0
DA:161,0
BRDA:161,13,0,-
DA:162,0
DA:165,0
DA:166,0
DA:172,0
FN:172,SuperPaymasterV7.getPaymasterCount
FNDA:0,SuperPaymasterV7.getPaymasterCount
DA:173,0
DA:178,0
FN:178,SuperPaymasterV7.updateFeeRate
FNDA:0,SuperPaymasterV7.updateFeeRate
DA:179,0
BRDA:179,14,0,-
BRDA:179,14,1,-
DA:180,0
DA:181,0
DA:182,0
DA:187,0
FN:187,SuperPaymasterV7.getVersion
FNDA:0,SuperPaymasterV7.getVersion
DA:188,0
DA:194,0
FN:194,SuperPaymasterV7._isPaymasterAvailable
FNDA:0,SuperPaymasterV7._isPaymasterAvailable
DA:196,0
DA:198,0
DA:200,0
DA:204,0
FN:204,SuperPaymasterV7.deposit
FNDA:0,SuperPaymasterV7.deposit
DA:205,0
DA:211,0
FN:211,SuperPaymasterV7.withdrawTo
FNDA:0,SuperPaymasterV7.withdrawTo
DA:215,0
DA:220,0
FN:220,SuperPaymasterV7.getDeposit
FNDA:0,SuperPaymasterV7.getDeposit
DA:221,0
FNF:14
FNH:0
LF:70
LH:0
BRF:24
BRH:0
end_of_record
TN:
SF:src/SuperPaymasterV8.sol
DA:37,0
FN:37,SuperPaymasterV8.onlyOwner
FNDA:0,SuperPaymasterV8.onlyOwner
DA:38,0
BRDA:38,0,0,-
BRDA:38,0,1,-
DA:43,0
FN:43,SuperPaymasterV8.constructor
FNDA:0,SuperPaymasterV8.constructor
DA:48,0
BRDA:48,1,0,-
BRDA:48,1,1,-
DA:49,0
BRDA:49,2,0,-
BRDA:49,2,1,-
DA:50,0
BRDA:50,3,0,-
BRDA:50,3,1,-
DA:52,0
DA:53,0
DA:54,0
DA:58,0
FN:58,SuperPaymasterV8.registerPaymaster
FNDA:0,SuperPaymasterV8.registerPaymaster
DA:63,0
BRDA:63,4,0,-
BRDA:63,4,1,-
DA:64,0
BRDA:64,5,0,-
BRDA:64,5,1,-
DA:65,0
BRDA:65,6,0,-
BRDA:65,6,1,-
DA:68,0
BRDA:68,7,0,-
DA:69,0
DA:72,0
DA:81,0
DA:85,0
FN:85,SuperPaymasterV8.getBestPaymaster
FNDA:0,SuperPaymasterV8.getBestPaymaster
DA:86,0
DA:87,0
DA:89,0
DA:90,0
DA:91,0
DA:93,0
BRDA:93,8,0,-
DA:94,0
BRDA:94,9,0,-
DA:95,0
DA:96,0
DA:101,0
BRDA:101,10,0,-
BRDA:101,10,1,-
DA:102,0
DA:106,0
FN:106,SuperPaymasterV8.getActivePaymasters
FNDA:0,SuperPaymasterV8.getActivePaymasters
DA:107,0
DA:108,0
DA:109,0
BRDA:109,11,0,-
DA:110,0
DA:114,0
DA:115,0
DA:116,0
DA:117,0
BRDA:117,12,0,-
DA:118,0
DA:119,0
DA:123,0
DA:127,0
FN:127,SuperPaymasterV8.getPaymasterInfo
FNDA:0,SuperPaymasterV8.getPaymasterInfo
DA:128,0
DA:132,0
FN:132,SuperPaymasterV8.getRouterStats
FNDA:0,SuperPaymasterV8.getRouterStats
DA:138,0
DA:140,0
DA:141,0
DA:143,0
BRDA:143,13,0,-
DA:144,0
DA:147,0
DA:148,0
DA:153,0
FN:153,SuperPaymasterV8.getPaymasterCount
FNDA:0,SuperPaymasterV8.getPaymasterCount
DA:154,0
DA:158,0
FN:158,SuperPaymasterV8.updateFeeRate
FNDA:0,SuperPaymasterV8.updateFeeRate
DA:159,0
BRDA:159,14,0,-
BRDA:159,14,1,-
DA:160,0
DA:161,0
DA:162,0
DA:166,0
FN:166,SuperPaymasterV8.getVersion
FNDA:0,SuperPaymasterV8.getVersion
DA:167,0
DA:171,0
FN:171,SuperPaymasterV8._isPaymasterAvailable
FNDA:0,SuperPaymasterV8._isPaymasterAvailable
DA:172,0
DA:174,0
DA:176,0
DA:180,0
FN:180,SuperPaymasterV8.deposit
FNDA:0,SuperPaymasterV8.deposit
DA:181,0
DA:185,0
FN:185,SuperPaymasterV8.withdrawTo
FNDA:0,SuperPaymasterV8.withdrawTo
DA:189,0
DA:193,0
FN:193,SuperPaymasterV8.getDeposit
FNDA:0,SuperPaymasterV8.getDeposit
DA:194,0
FNF:14
FNH:0
LF:70
LH:0
BRF:24
BRH:0
end_of_record
TN:
SF:src/base/BasePaymasterRouter.sol
DA:30,0
FN:30,BasePaymasterRouter.onlyRegisteredPaymaster
FNDA:0,BasePaymasterRouter.onlyRegisteredPaymaster
DA:31,0
BRDA:31,0,0,-
BRDA:31,0,1,-
DA:35,0
FN:35,BasePaymasterRouter.validFeeRate
FNDA:0,BasePaymasterRouter.validFeeRate
DA:36,0
BRDA:36,1,0,-
BRDA:36,1,1,-
DA:40,0
FN:40,BasePaymasterRouter.constructor
FNDA:0,BasePaymasterRouter.constructor
DA:44,0
DA:48,0
FN:48,BasePaymasterRouter.registerPaymaster
FNDA:0,BasePaymasterRouter.registerPaymaster
DA:57,0
BRDA:57,2,0,-
BRDA:57,2,1,-
DA:58,0
BRDA:58,3,0,-
BRDA:58,3,1,-
DA:59,0
BRDA:59,4,0,-
BRDA:59,4,1,-
DA:61,0
DA:70,0
DA:72,0
DA:76,0
FN:76,BasePaymasterRouter.updateFeeRate
FNDA:0,BasePaymasterRouter.updateFeeRate
DA:81,0
DA:82,0
DA:84,0
DA:88,0
FN:88,BasePaymasterRouter.setPaymasterStatus
FNDA:0,BasePaymasterRouter.setPaymasterStatus
DA:92,0
BRDA:92,5,0,-
BRDA:92,5,1,-
DA:94,0
DA:96,0
DA:100,0
FN:100,BasePaymasterRouter.getBestPaymaster
FNDA:0,BasePaymasterRouter.getBestPaymaster
DA:105,0
DA:106,0
DA:108,0
DA:109,0
DA:110,0
DA:112,0
BRDA:112,6,0,-
DA:115,0
BRDA:115,7,0,-
DA:116,0
DA:117,0
DA:122,0
BRDA:122,8,0,-
BRDA:122,8,1,-
DA:123,0
DA:127,0
FN:127,BasePaymasterRouter.getActivePaymasters
FNDA:0,BasePaymasterRouter.getActivePaymasters
DA:133,0
DA:134,0
DA:135,0
DA:136,0
BRDA:136,9,0,-
DA:137,0
DA:142,0
DA:143,0
DA:144,0
DA:145,0
DA:146,0
BRDA:146,10,0,-
DA:147,0
DA:148,0
DA:152,0
DA:156,0
FN:156,BasePaymasterRouter.getPaymasterInfo
FNDA:0,BasePaymasterRouter.getPaymasterInfo
DA:161,0
BRDA:161,11,0,-
BRDA:161,11,1,-
DA:162,0
DA:166,0
FN:166,BasePaymasterRouter.getPaymasterCount
FNDA:0,BasePaymasterRouter.getPaymasterCount
DA:167,0
DA:171,0
FN:171,BasePaymasterRouter.updateStats
FNDA:0,BasePaymasterRouter.updateStats
DA:175,0
BRDA:175,12,0,-
BRDA:175,12,1,-
DA:177,0
DA:178,0
BRDA:178,13,0,-
DA:179,0
DA:182,0
DA:191,0
FN:191,BasePaymasterRouter.setRouterFeeRate
FNDA:0,BasePaymasterRouter.setRouterFeeRate
DA:196,0
DA:197,0
DA:199,0
DA:206,0
FN:206,BasePaymasterRouter._isPaymasterAvailable
FNDA:0,BasePaymasterRouter._isPaymasterAvailable
DA:213,0
DA:218,0
FN:218,BasePaymasterRouter.emergencyRemovePaymaster
FNDA:0,BasePaymasterRouter.emergencyRemovePaymaster
DA:222,0
BRDA:222,14,0,-
BRDA:222,14,1,-
DA:225,0
DA:228,0
DA:229,0
BRDA:229,15,0,-
DA:230,0
DA:231,0
DA:232,0
DA:236,0
DA:244,0
FN:244,BasePaymasterRouter.getRouterStats
FNDA:0,BasePaymasterRouter.getRouterStats
DA:254,0
DA:256,0
DA:257,0
DA:259,0
BRDA:259,16,0,-
DA:260,0
DA:263,0
DA:264,0
FNF:15
FNH:0
LF:81
LH:0
BRF:27
BRH:0
end_of_record
TN:
SF:src/v3/PaymasterV3.sol
DA:81,6
FN:81,PaymasterV3.onlyEntryPoint
FNDA:6,PaymasterV3.onlyEntryPoint
DA:82,6
BRDA:82,0,0,1
DA:83,1
DA:88,5
FN:88,PaymasterV3.whenNotPaused
FNDA:5,PaymasterV3.whenNotPaused
DA:89,1
BRDA:89,1,0,1
DA:90,1
DA:106,40
FN:106,PaymasterV3.constructor
FNDA:40,PaymasterV3.constructor
DA:115,39
BRDA:115,2,0,1
DA:116,38
BRDA:116,3,0,-
DA:117,38
BRDA:117,4,0,1
DA:118,37
BRDA:118,5,0,1
DA:119,36
BRDA:119,6,0,1
DA:120,35
BRDA:120,7,0,1
DA:122,34
DA:123,34
DA:124,34
DA:125,34
DA:126,34
DA:127,34
DA:141,6
FN:141,PaymasterV3.validatePaymasterUserOp
FNDA:6,PaymasterV3.validatePaymasterUserOp
DA:152,4
DA:161,2
FN:161,PaymasterV3.postOp
FNDA:2,PaymasterV3.postOp
DA:171,1
DA:185,4
FN:185,PaymasterV3._validatePaymasterUserOp
FNDA:4,PaymasterV3._validatePaymasterUserOp
DA:194,4
BRDA:194,8,0,1
DA:195,1
DA:198,3
DA:201,3
DA:202,3
BRDA:202,9,0,1
DA:203,1
DA:207,2
DA:208,2
BRDA:208,10,0,1
DA:209,1
DA:213,1
DA:216,1
DA:218,1
DA:225,1
FN:225,PaymasterV3._postOp
FNDA:1,PaymasterV3._postOp
DA:234,1
DA:240,1
DA:247,1
DA:254,1
DA:262,2
FN:262,PaymasterV3.setSBTContract
FNDA:2,PaymasterV3.setSBTContract
DA:263,2
BRDA:263,11,0,1
DA:265,1
DA:266,1
DA:268,1
DA:272,2
FN:272,PaymasterV3.setGasToken
FNDA:2,PaymasterV3.setGasToken
DA:273,2
BRDA:273,12,0,1
DA:275,1
DA:276,1
DA:278,1
DA:282,2
FN:282,PaymasterV3.setSettlementContract
FNDA:2,PaymasterV3.setSettlementContract
DA:283,2
BRDA:283,13,0,1
DA:285,1
DA:286,1
DA:288,1
DA:293,2
FN:293,PaymasterV3.setMinTokenBalance
FNDA:2,PaymasterV3.setMinTokenBalance
DA:294,2
BRDA:294,14,0,1
DA:296,1
DA:297,1
DA:299,1
DA:303,3
FN:303,PaymasterV3.pause
FNDA:3,PaymasterV3.pause
DA:304,3
DA:305,3
DA:309,1
FN:309,PaymasterV3.unpause
FNDA:1,PaymasterV3.unpause
DA:310,1
DA:311,1
DA:317,2
FN:317,PaymasterV3.withdrawETH
FNDA:2,PaymasterV3.withdrawETH
DA:318,2
BRDA:318,15,0,1
DA:320,1
DA:321,1
BRDA:321,16,0,-
BRDA:321,16,1,1
DA:325,3
FN:325,PaymasterV3.addStake
FNDA:3,PaymasterV3.addStake
DA:326,3
DA:330,2
FN:330,PaymasterV3.unlockStake
FNDA:2,PaymasterV3.unlockStake
DA:331,2
DA:336,1
FN:336,PaymasterV3.withdrawStake
FNDA:1,PaymasterV3.withdrawStake
DA:337,1
DA:345,3
FN:345,PaymasterV3.isUserQualified
FNDA:3,PaymasterV3.isUserQualified
DA:352,3
DA:353,3
BRDA:353,17,0,1
DA:354,1
DA:358,2
DA:359,2
BRDA:359,18,0,1
DA:360,1
DA:363,1
DA:367,1
FN:367,PaymasterV3.getConfig
FNDA:1,PaymasterV3.getConfig
DA:374,1
FNF:19
FNH:19
LF:87
LH:87
BRF:20
BRH:18
end_of_record
TN:
SF:src/v3/Settlement.sol
DA:67,22
FN:67,Settlement.onlyRegisteredPaymaster
FNDA:22,Settlement.onlyRegisteredPaymaster
DA:68,22
BRDA:68,0,0,1
BRDA:68,0,1,21
DA:78,23
FN:78,Settlement.whenNotPaused
FNDA:23,Settlement.whenNotPaused
DA:79,23
BRDA:79,1,0,-
BRDA:79,1,1,2
DA:94,20
FN:94,Settlement.constructor
FNDA:20,Settlement.constructor
DA:99,20
BRDA:99,2,0,-
BRDA:99,2,1,20
DA:100,20
BRDA:100,3,0,-
BRDA:100,3,1,20
DA:101,20
BRDA:101,4,0,-
BRDA:101,4,1,20
DA:103,20
DA:104,20
DA:118,23
FN:118,Settlement.recordGasFee
FNDA:23,Settlement.recordGasFee
DA:132,21
BRDA:132,5,0,1
BRDA:132,5,1,20
DA:133,20
BRDA:133,6,0,1
BRDA:133,6,1,19
DA:134,19
BRDA:134,7,0,1
BRDA:134,7,1,18
DA:135,18
BRDA:135,8,0,1
BRDA:135,8,1,17
DA:138,17
DA:141,17
BRDA:141,9,0,1
BRDA:141,9,1,16
DA:147,16
DA:159,16
DA:160,16
DA:161,16
DA:164,16
DA:166,0
DA:181,6
FN:181,Settlement.settleFees
FNDA:6,Settlement.settleFees
DA:191,5
BRDA:191,10,0,1
BRDA:191,10,1,4
DA:193,4
DA:195,4
DA:196,5
DA:197,5
DA:200,5
BRDA:200,11,0,1
BRDA:200,11,1,4
DA:201,4
BRDA:201,12,0,1
BRDA:201,12,1,3
DA:207,3
DA:208,3
DA:209,3
DA:212,3
DA:213,3
DA:215,3
DA:218,3
DA:225,3
DA:228,2
DA:235,2
FN:235,Settlement.settleFeesByUsers
FNDA:2,Settlement.settleFeesByUsers
DA:246,2
BRDA:246,13,0,-
BRDA:246,13,1,2
DA:247,2
BRDA:247,14,0,-
BRDA:247,14,1,2
DA:249,2
DA:250,2
DA:252,2
DA:253,3
DA:254,3
DA:256,3
DA:257,3
DA:258,3
DA:262,3
DA:263,3
DA:264,3
BRDA:264,15,0,3
DA:266,3
DA:267,3
DA:268,3
DA:271,3
DA:272,3
DA:274,3
DA:275,3
DA:277,3
DA:284,3
DA:289,2
BRDA:289,16,0,1
BRDA:289,16,1,1
DA:290,1
DA:298,3
FN:298,Settlement.getFeeRecord
FNDA:3,Settlement.getFeeRecord
DA:304,3
DA:308,1
FN:308,Settlement.getRecordByUserOp
FNDA:1,Settlement.getRecordByUserOp
DA:314,1
DA:315,1
DA:319,2
FN:319,Settlement.getUserRecordKeys
FNDA:2,Settlement.getUserRecordKeys
DA:325,2
DA:329,1
FN:329,Settlement.getUserPendingRecords
FNDA:1,Settlement.getUserPendingRecords
DA:335,1
DA:336,1
DA:339,1
DA:340,2
DA:341,2
BRDA:341,17,0,2
DA:342,2
DA:347,1
DA:348,1
DA:349,1
DA:350,2
DA:351,2
BRDA:351,18,0,2
DA:352,2
DA:356,1
DA:360,5
FN:360,Settlement.getPendingBalance
FNDA:5,Settlement.getPendingBalance
DA:366,5
DA:370,4
FN:370,Settlement.getTotalPending
FNDA:4,Settlement.getTotalPending
DA:376,4
DA:380,2
FN:380,Settlement.paused
FNDA:2,Settlement.paused
DA:381,2
DA:385,1
FN:385,Settlement.settlementThreshold
FNDA:1,Settlement.settlementThreshold
DA:391,1
DA:399,1
FN:399,Settlement.setSettlementThreshold
FNDA:1,Settlement.setSettlementThreshold
DA:404,1
BRDA:404,19,0,-
BRDA:404,19,1,1
DA:406,1
DA:407,1
DA:409,1
DA:413,1
FN:413,Settlement.pause
FNDA:1,Settlement.pause
DA:414,1
DA:415,1
DA:419,1
FN:419,Settlement.unpause
FNDA:1,Settlement.unpause
DA:420,1
DA:421,1
DA:434,1
FN:434,Settlement.calculateRecordKey
FNDA:1,Settlement.calculateRecordKey
DA:439,1
FNF:18
FNH:18
LF:107
LH:106
BRF:37
BRH:30
end_of_record
TN:
SF:test/PaymasterV3.t.sol
DA:348,0
FN:348,MockEntryPoint.getUserOpHash
FNDA:0,MockEntryPoint.getUserOpHash
DA:349,0
DA:352,3
FN:352,MockEntryPoint.addStake
FNDA:3,MockEntryPoint.addStake
DA:353,3
DA:356,2
FN:356,MockEntryPoint.unlockStake
FNDA:2,MockEntryPoint.unlockStake
DA:357,2
DA:360,1
FN:360,MockEntryPoint.withdrawStake
FNDA:1,MockEntryPoint.withdrawStake
DA:361,1
DA:362,1
DA:363,1
DA:364,1
BRDA:364,0,0,-
BRDA:364,0,1,1
DA:374,1
FN:374,MockSettlement.recordGasFee
FNDA:1,MockSettlement.recordGasFee
DA:375,1
DA:376,1
DA:377,1
FNF:5
FNH:4
LF:15
LH:13
BRF:2
BRH:1
end_of_record
TN:
SF:test/Settlement.t.sol
DA:402,40
FN:402,MockRegistry.registerPaymaster
FNDA:40,MockRegistry.registerPaymaster
DA:403,40
DA:406,22
FN:406,MockRegistry.isPaymasterActive
FNDA:22,MockRegistry.isPaymasterActive
DA:407,22
DA:410,0
FN:410,MockRegistry.getPaymasterInfo
FNDA:0,MockRegistry.getPaymasterInfo
DA:416,0
FNF:3
FNH:2
LF:6
LH:4
BRF:0
BRH:0
end_of_record
TN:
SF:test/mocks/MockPNT.sol
DA:17,55
FN:17,MockPNT.constructor
FNDA:55,MockPNT.constructor
DA:18,55
DA:26,78
FN:26,MockPNT.mint
FNDA:78,MockPNT.mint
DA:27,78
DA:34,0
FN:34,MockPNT.burn
FNDA:0,MockPNT.burn
DA:35,0
DA:43,0
FN:43,MockPNT.burnFrom
FNDA:0,MockPNT.burnFrom
DA:44,0
DA:50,0
FN:50,MockPNT.decimals
FNDA:0,MockPNT.decimals
DA:51,0
FNF:5
FNH:2
LF:10
LH:4
BRF:0
BRH:0
end_of_record
TN:
SF:test/mocks/MockSBT.sol
DA:28,0
FN:28,MockSBT.mint
FNDA:0,MockSBT.mint
DA:29,0
BRDA:29,0,0,-
BRDA:29,0,1,-
DA:30,0
BRDA:30,1,0,-
BRDA:30,1,1,-
DA:31,0
BRDA:31,2,0,-
BRDA:31,2,1,-
DA:33,0
DA:34,0
DA:36,0
DA:43,36
FN:43,MockSBT.safeMint
FNDA:36,MockSBT.safeMint
DA:44,36
DA:45,36
BRDA:45,3,0,-
BRDA:45,3,1,36
DA:46,36
BRDA:46,4,0,-
BRDA:46,4,1,36
DA:48,36
DA:49,36
DA:51,36
DA:58,0
FN:58,MockSBT.burn
FNDA:0,MockSBT.burn
DA:59,0
DA:60,0
BRDA:60,5,0,-
BRDA:60,5,1,-
DA:62,0
DA:63,0
DA:65,0
DA:73,6
FN:73,MockSBT.balanceOf
FNDA:6,MockSBT.balanceOf
DA:74,6
DA:80,0
FN:80,MockSBT.ownerOf
FNDA:0,MockSBT.ownerOf
DA:81,0
DA:82,0
BRDA:82,6,0,-
BRDA:82,6,1,-
DA:83,0
DA:89,0
FN:89,MockSBT.exists
FNDA:0,MockSBT.exists
DA:90,0
DA:97,0
FN:97,MockSBT.totalSupply
FNDA:0,MockSBT.totalSupply
DA:98,0
FNF:7
FNH:2
LF:30
LH:9
BRF:14
BRH:2
end_of_record
